# JRE version: OpenJDK Runtime Environment GraalVM CE 22.3.0 (17.0.5+8) (build 17.0.5+8-jvmci-22.3-b08)
# Java VM: OpenJDK 64-Bit Server VM GraalVM CE 22.3.0 (17.0.5+8-jvmci-22.3-b08, mixed mode, sharing, tiered, jvmci, jvmci compiler, compressed oops, compressed class ptrs, parallel gc, linux-amd64)
GC Precious Log:
 CPUs: 8 total, 1 available
 Memory: 1024M
 Large Page Support: Disabled
 NUMA Support: Disabled
 Compressed Oops: Enabled (32-bit)
 Alignments: Space 512K, Generation 512K, Heap 2M
 Heap Min Capacity: 100M
 Heap Initial Capacity: 100M
 Heap Max Capacity: 512M
 Pre-touch: Disabled
 Parallel Workers: 1
Heap:
 PSYoungGen      total 52224K, used 37887K [0x00000000f5580000, 0x00000000f9d00000, 0x0000000100000000)
  eden space 37888K, 99% used [0x00000000f5580000,0x00000000f7a7fff8,0x00000000f7a80000)
  from space 14336K, 0% used [0x00000000f7a80000,0x00000000f7a80000,0x00000000f8880000)
  to   space 14336K, 0% used [0x00000000f8f00000,0x00000000f8f00000,0x00000000f9d00000)
 ParOldGen       total 349696K, used 349694K [0x00000000e0000000, 0x00000000f5580000, 0x00000000f5580000)
  object space 349696K, 99% used [0x00000000e0000000,0x00000000f557fad8,0x00000000f5580000)
 Metaspace       used 61130K, committed 62016K, reserved 1105920K
  class space    used 6010K, committed 6400K, reserved 1048576K
GC Heap History (20 events):
Event: 2305.839 GC heap before
{Heap before GC invocations=1867 (full 1685):
 PSYoungGen      total 52224K, used 37888K [0x00000000f5580000, 0x00000000f9d00000, 0x0000000100000000)
  eden space 37888K, 100% used [0x00000000f5580000,0x00000000f7a80000,0x00000000f7a80000)
  from space 14336K, 0% used [0x00000000f7a80000,0x00000000f7a80000,0x00000000f8880000)
  to   space 14336K, 0% used [0x00000000f8f00000,0x00000000f8f00000,0x00000000f9d00000)
 ParOldGen       total 349696K, used 349683K [0x00000000e0000000, 0x00000000f5580000, 0x00000000f5580000)
  object space 349696K, 99% used [0x00000000e0000000,0x00000000f557cd58,0x00000000f5580000)
 Metaspace       used 61130K, committed 62016K, reserved 1105920K
  class space    used 6010K, committed 6400K, reserved 1048576K
}
Event: 2307.134 GC heap after
{Heap after GC invocations=1867 (full 1685):
 PSYoungGen      total 52224K, used 37887K [0x00000000f5580000, 0x00000000f9d00000, 0x0000000100000000)
  eden space 37888K, 99% used [0x00000000f5580000,0x00000000f7a7ffc0,0x00000000f7a80000)
  from space 14336K, 0% used [0x00000000f8f00000,0x00000000f8f00000,0x00000000f9d00000)
  to   space 14336K, 0% used [0x00000000f7a80000,0x00000000f7a80000,0x00000000f8880000)
 ParOldGen       total 349696K, used 349683K [0x00000000e0000000, 0x00000000f5580000, 0x00000000f5580000)
  object space 349696K, 99% used [0x00000000e0000000,0x00000000f557cd58,0x00000000f5580000)
 Metaspace       used 61130K, committed 62016K, reserved 1105920K
  class space    used 6010K, committed 6400K, reserved 1048576K
}
Event: 2307.134 GC heap before
{Heap before GC invocations=1868 (full 1686):
 PSYoungGen      total 52224K, used 37887K [0x00000000f5580000, 0x00000000f9d00000, 0x0000000100000000)
  eden space 37888K, 99% used [0x00000000f5580000,0x00000000f7a7fff8,0x00000000f7a80000)
  from space 14336K, 0% used [0x00000000f8f00000,0x00000000f8f00000,0x00000000f9d00000)
  to   space 14336K, 0% used [0x00000000f7a80000,0x00000000f7a80000,0x00000000f8880000)
 ParOldGen       total 349696K, used 349683K [0x00000000e0000000, 0x00000000f5580000, 0x00000000f5580000)
  object space 349696K, 99% used [0x00000000e0000000,0x00000000f557cd58,0x00000000f5580000)
 Metaspace       used 61130K, committed 62016K, reserved 1105920K
  class space    used 6010K, committed 6400K, reserved 1048576K
}
Event: 2308.487 GC heap after
{Heap after GC invocations=1868 (full 1686):
 PSYoungGen      total 52224K, used 37887K [0x00000000f5580000, 0x00000000f9d00000, 0x0000000100000000)
  eden space 37888K, 99% used [0x00000000f5580000,0x00000000f7a7fff8,0x00000000f7a80000)
  from space 14336K, 0% used [0x00000000f7a80000,0x00000000f7a80000,0x00000000f8880000)
  to   space 14336K, 0% used [0x00000000f8f00000,0x00000000f8f00000,0x00000000f9d00000)
 ParOldGen       total 349696K, used 349683K [0x00000000e0000000, 0x00000000f5580000, 0x00000000f5580000)
  object space 349696K, 99% used [0x00000000e0000000,0x00000000f557cd38,0x00000000f5580000)
 Metaspace       used 61130K, committed 62016K, reserved 1105920K
  class space    used 6010K, committed 6400K, reserved 1048576K
}
Event: 2308.488 GC heap before
{Heap before GC invocations=1869 (full 1687):
 PSYoungGen      total 52224K, used 37887K [0x00000000f5580000, 0x00000000f9d00000, 0x0000000100000000)
  eden space 37888K, 99% used [0x00000000f5580000,0x00000000f7a7fff8,0x00000000f7a80000)
  from space 14336K, 0% used [0x00000000f7a80000,0x00000000f7a80000,0x00000000f8880000)
  to   space 14336K, 0% used [0x00000000f8f00000,0x00000000f8f00000,0x00000000f9d00000)
 ParOldGen       total 349696K, used 349686K [0x00000000e0000000, 0x00000000f5580000, 0x00000000f5580000)
  object space 349696K, 99% used [0x00000000e0000000,0x00000000f557da20,0x00000000f5580000)
 Metaspace       used 61130K, committed 62016K, reserved 1105920K
  class space    used 6010K, committed 6400K, reserved 1048576K
}
Event: 2309.797 GC heap after
{Heap after GC invocations=1869 (full 1687):
 PSYoungGen      total 52224K, used 37887K [0x00000000f5580000, 0x00000000f9d00000, 0x0000000100000000)
  eden space 37888K, 99% used [0x00000000f5580000,0x00000000f7a7ffa0,0x00000000f7a80000)
  from space 14336K, 0% used [0x00000000f8f00000,0x00000000f8f00000,0x00000000f9d00000)
  to   space 14336K, 0% used [0x00000000f7a80000,0x00000000f7a80000,0x00000000f8880000)
 ParOldGen       total 349696K, used 349684K [0x00000000e0000000, 0x00000000f5580000, 0x00000000f5580000)
  object space 349696K, 99% used [0x00000000e0000000,0x00000000f557d180,0x00000000f5580000)
 Metaspace       used 61130K, committed 62016K, reserved 1105920K
  class space    used 6010K, committed 6400K, reserved 1048576K
}
Event: 2309.797 GC heap before
{Heap before GC invocations=1870 (full 1688):
 PSYoungGen      total 52224K, used 37887K [0x00000000f5580000, 0x00000000f9d00000, 0x0000000100000000)
  eden space 37888K, 99% used [0x00000000f5580000,0x00000000f7a7fff8,0x00000000f7a80000)
  from space 14336K, 0% used [0x00000000f8f00000,0x00000000f8f00000,0x00000000f9d00000)
  to   space 14336K, 0% used [0x00000000f7a80000,0x00000000f7a80000,0x00000000f8880000)
 ParOldGen       total 349696K, used 349684K [0x00000000e0000000, 0x00000000f5580000, 0x00000000f5580000)
  object space 349696K, 99% used [0x00000000e0000000,0x00000000f557d180,0x00000000f5580000)
 Metaspace       used 61130K, committed 62016K, reserved 1105920K
  class space    used 6010K, committed 6400K, reserved 1048576K
}
Event: 2311.290 GC heap after
{Heap after GC invocations=1870 (full 1688):
 PSYoungGen      total 52224K, used 37887K [0x00000000f5580000, 0x00000000f9d00000, 0x0000000100000000)
  eden space 37888K, 99% used [0x00000000f5580000,0x00000000f7a7fff8,0x00000000f7a80000)
  from space 14336K, 0% used [0x00000000f7a80000,0x00000000f7a80000,0x00000000f8880000)
  to   space 14336K, 0% used [0x00000000f8f00000,0x00000000f8f00000,0x00000000f9d00000)
 ParOldGen       total 349696K, used 349684K [0x00000000e0000000, 0x00000000f5580000, 0x00000000f5580000)
  object space 349696K, 99% used [0x00000000e0000000,0x00000000f557d180,0x00000000f5580000)
 Metaspace       used 61130K, committed 62016K, reserved 1105920K
  class space    used 6010K, committed 6400K, reserved 1048576K
}
Event: 2311.299 GC heap before
{Heap before GC invocations=1871 (full 1689):
 PSYoungGen      total 52224K, used 37887K [0x00000000f5580000, 0x00000000f9d00000, 0x0000000100000000)
  eden space 37888K, 99% used [0x00000000f5580000,0x00000000f7a7fff8,0x00000000f7a80000)
  from space 14336K, 0% used [0x00000000f7a80000,0x00000000f7a80000,0x00000000f8880000)
  to   space 14336K, 0% used [0x00000000f8f00000,0x00000000f8f00000,0x00000000f9d00000)
 ParOldGen       total 349696K, used 349687K [0x00000000e0000000, 0x00000000f5580000, 0x00000000f5580000)
  object space 349696K, 99% used [0x00000000e0000000,0x00000000f557dda8,0x00000000f5580000)
 Metaspace       used 61130K, committed 62016K, reserved 1105920K
  class space    used 6010K, committed 6400K, reserved 1048576K
}
Event: 2312.538 GC heap after
{Heap after GC invocations=1871 (full 1689):
 PSYoungGen      total 52224K, used 37887K [0x00000000f5580000, 0x00000000f9d00000, 0x0000000100000000)
  eden space 37888K, 99% used [0x00000000f5580000,0x00000000f7a7ffe0,0x00000000f7a80000)
  from space 14336K, 0% used [0x00000000f8f00000,0x00000000f8f00000,0x00000000f9d00000)
  to   space 14336K, 0% used [0x00000000f7a80000,0x00000000f7a80000,0x00000000f8880000)
 ParOldGen       total 349696K, used 349685K [0x00000000e0000000, 0x00000000f5580000, 0x00000000f5580000)
  object space 349696K, 99% used [0x00000000e0000000,0x00000000f557d528,0x00000000f5580000)
 Metaspace       used 61130K, committed 62016K, reserved 1105920K
  class space    used 6010K, committed 6400K, reserved 1048576K
}
Event: 2312.538 GC heap before
{Heap before GC invocations=1872 (full 1690):
 PSYoungGen      total 52224K, used 37888K [0x00000000f5580000, 0x00000000f9d00000, 0x0000000100000000)
  eden space 37888K, 100% used [0x00000000f5580000,0x00000000f7a80000,0x00000000f7a80000)
  from space 14336K, 0% used [0x00000000f8f00000,0x00000000f8f00000,0x00000000f9d00000)
  to   space 14336K, 0% used [0x00000000f7a80000,0x00000000f7a80000,0x00000000f8880000)
 ParOldGen       total 349696K, used 349687K [0x00000000e0000000, 0x00000000f5580000, 0x00000000f5580000)
  object space 349696K, 99% used [0x00000000e0000000,0x00000000f557df58,0x00000000f5580000)
 Metaspace       used 61130K, committed 62016K, reserved 1105920K
  class space    used 6010K, committed 6400K, reserved 1048576K
}
Event: 2313.863 GC heap after
{Heap after GC invocations=1872 (full 1690):
 PSYoungGen      total 52224K, used 37888K [0x00000000f5580000, 0x00000000f9d00000, 0x0000000100000000)
  eden space 37888K, 100% used [0x00000000f5580000,0x00000000f7a80000,0x00000000f7a80000)
  from space 14336K, 0% used [0x00000000f7a80000,0x00000000f7a80000,0x00000000f8880000)
  to   space 14336K, 0% used [0x00000000f8f00000,0x00000000f8f00000,0x00000000f9d00000)
 ParOldGen       total 349696K, used 349687K [0x00000000e0000000, 0x00000000f5580000, 0x00000000f5580000)
  object space 349696K, 99% used [0x00000000e0000000,0x00000000f557df38,0x00000000f5580000)
 Metaspace       used 61130K, committed 62016K, reserved 1105920K
  class space    used 6010K, committed 6400K, reserved 1048576K
}
Event: 2313.864 GC heap before
{Heap before GC invocations=1873 (full 1691):
 PSYoungGen      total 52224K, used 37888K [0x00000000f5580000, 0x00000000f9d00000, 0x0000000100000000)
  eden space 37888K, 100% used [0x00000000f5580000,0x00000000f7a80000,0x00000000f7a80000)
  from space 14336K, 0% used [0x00000000f7a80000,0x00000000f7a80000,0x00000000f8880000)
  to   space 14336K, 0% used [0x00000000f8f00000,0x00000000f8f00000,0x00000000f9d00000)
 ParOldGen       total 349696K, used 349693K [0x00000000e0000000, 0x00000000f5580000, 0x00000000f5580000)
  object space 349696K, 99% used [0x00000000e0000000,0x00000000f557f5f8,0x00000000f5580000)
 Metaspace       used 61130K, committed 62016K, reserved 1105920K
  class space    used 6010K, committed 6400K, reserved 1048576K
}
Event: 2315.177 GC heap after
{Heap after GC invocations=1873 (full 1691):
 PSYoungGen      total 52224K, used 37887K [0x00000000f5580000, 0x00000000f9d00000, 0x0000000100000000)
  eden space 37888K, 99% used [0x00000000f5580000,0x00000000f7a7ffb0,0x00000000f7a80000)
  from space 14336K, 0% used [0x00000000f8f00000,0x00000000f8f00000,0x00000000f9d00000)
  to   space 14336K, 0% used [0x00000000f7a80000,0x00000000f7a80000,0x00000000f8880000)
 ParOldGen       total 349696K, used 349693K [0x00000000e0000000, 0x00000000f5580000, 0x00000000f5580000)
  object space 349696K, 99% used [0x00000000e0000000,0x00000000f557f528,0x00000000f5580000)
 Metaspace       used 61130K, committed 62016K, reserved 1105920K
  class space    used 6010K, committed 6400K, reserved 1048576K
}
Event: 2315.177 GC heap before
{Heap before GC invocations=1874 (full 1692):
 PSYoungGen      total 52224K, used 37887K [0x00000000f5580000, 0x00000000f9d00000, 0x0000000100000000)
  eden space 37888K, 99% used [0x00000000f5580000,0x00000000f7a7fff8,0x00000000f7a80000)
  from space 14336K, 0% used [0x00000000f8f00000,0x00000000f8f00000,0x00000000f9d00000)
  to   space 14336K, 0% used [0x00000000f7a80000,0x00000000f7a80000,0x00000000f8880000)
 ParOldGen       total 349696K, used 349693K [0x00000000e0000000, 0x00000000f5580000, 0x00000000f5580000)
  object space 349696K, 99% used [0x00000000e0000000,0x00000000f557f528,0x00000000f5580000)
 Metaspace       used 61130K, committed 62016K, reserved 1105920K
  class space    used 6010K, committed 6400K, reserved 1048576K
}
Event: 2316.474 GC heap after
{Heap after GC invocations=1874 (full 1692):
 PSYoungGen      total 52224K, used 37887K [0x00000000f5580000, 0x00000000f9d00000, 0x0000000100000000)
  eden space 37888K, 99% used [0x00000000f5580000,0x00000000f7a7fff8,0x00000000f7a80000)
  from space 14336K, 0% used [0x00000000f7a80000,0x00000000f7a80000,0x00000000f8880000)
  to   space 14336K, 0% used [0x00000000f8f00000,0x00000000f8f00000,0x00000000f9d00000)
 ParOldGen       total 349696K, used 349693K [0x00000000e0000000, 0x00000000f5580000, 0x00000000f5580000)
  object space 349696K, 99% used [0x00000000e0000000,0x00000000f557f528,0x00000000f5580000)
 Metaspace       used 61130K, committed 62016K, reserved 1105920K
  class space    used 6010K, committed 6400K, reserved 1048576K
}
Event: 2316.474 GC heap before
{Heap before GC invocations=1875 (full 1693):
 PSYoungGen      total 52224K, used 37887K [0x00000000f5580000, 0x00000000f9d00000, 0x0000000100000000)
  eden space 37888K, 99% used [0x00000000f5580000,0x00000000f7a7fff8,0x00000000f7a80000)
  from space 14336K, 0% used [0x00000000f7a80000,0x00000000f7a80000,0x00000000f8880000)
  to   space 14336K, 0% used [0x00000000f8f00000,0x00000000f8f00000,0x00000000f9d00000)
 ParOldGen       total 349696K, used 349693K [0x00000000e0000000, 0x00000000f5580000, 0x00000000f5580000)
  object space 349696K, 99% used [0x00000000e0000000,0x00000000f557f678,0x00000000f5580000)
 Metaspace       used 61130K, committed 62016K, reserved 1105920K
  class space    used 6010K, committed 6400K, reserved 1048576K
}
Event: 2317.937 GC heap after
{Heap after GC invocations=1875 (full 1693):
 PSYoungGen      total 52224K, used 37887K [0x00000000f5580000, 0x00000000f9d00000, 0x0000000100000000)
  eden space 37888K, 99% used [0x00000000f5580000,0x00000000f7a7fff8,0x00000000f7a80000)
  from space 14336K, 0% used [0x00000000f8f00000,0x00000000f8f00000,0x00000000f9d00000)
  to   space 14336K, 0% used [0x00000000f7a80000,0x00000000f7a80000,0x00000000f8880000)
 ParOldGen       total 349696K, used 349693K [0x00000000e0000000, 0x00000000f5580000, 0x00000000f5580000)
  object space 349696K, 99% used [0x00000000e0000000,0x00000000f557f540,0x00000000f5580000)
 Metaspace       used 61130K, committed 62016K, reserved 1105920K
  class space    used 6010K, committed 6400K, reserved 1048576K
}
Event: 2317.937 GC heap before
{Heap before GC invocations=1876 (full 1694):
 PSYoungGen      total 52224K, used 37887K [0x00000000f5580000, 0x00000000f9d00000, 0x0000000100000000)
  eden space 37888K, 99% used [0x00000000f5580000,0x00000000f7a7fff8,0x00000000f7a80000)
  from space 14336K, 0% used [0x00000000f8f00000,0x00000000f8f00000,0x00000000f9d00000)
  to   space 14336K, 0% used [0x00000000f7a80000,0x00000000f7a80000,0x00000000f8880000)
 ParOldGen       total 349696K, used 349693K [0x00000000e0000000, 0x00000000f5580000, 0x00000000f5580000)
  object space 349696K, 99% used [0x00000000e0000000,0x00000000f557f540,0x00000000f5580000)
 Metaspace       used 61130K, committed 62016K, reserved 1105920K
  class space    used 6010K, committed 6400K, reserved 1048576K
}
Event: 2319.338 GC heap after
{Heap after GC invocations=1876 (full 1694):
 PSYoungGen      total 52224K, used 37887K [0x00000000f5580000, 0x00000000f9d00000, 0x0000000100000000)
  eden space 37888K, 99% used [0x00000000f5580000,0x00000000f7a7fff8,0x00000000f7a80000)
  from space 14336K, 0% used [0x00000000f7a80000,0x00000000f7a80000,0x00000000f8880000)
  to   space 14336K, 0% used [0x00000000f8f00000,0x00000000f8f00000,0x00000000f9d00000)
 ParOldGen       total 349696K, used 349693K [0x00000000e0000000, 0x00000000f5580000, 0x00000000f5580000)
  object space 349696K, 99% used [0x00000000e0000000,0x00000000f557f540,0x00000000f5580000)
 Metaspace       used 61130K, committed 62016K, reserved 1105920K
  class space    used 6010K, committed 6400K, reserved 1048576K
}

