# JRE version: OpenJDK Runtime Environment GraalVM CE 22.3.0 (17.0.5+8) (build 17.0.5+8-jvmci-22.3-b08)
# Java VM: OpenJDK 64-Bit Server VM GraalVM CE 22.3.0 (17.0.5+8-jvmci-22.3-b08, mixed mode, sharing, tiered, jvmci, jvmci compiler, compressed oops, compressed class ptrs, parallel gc, linux-amd64)
GC Precious Log:
 CPUs: 8 total, 1 available
 Memory: 1024M
 Large Page Support: Disabled
 NUMA Support: Disabled
 Compressed Oops: Enabled (32-bit)
 Alignments: Space 512K, Generation 512K, Heap 2M
 Heap Min Capacity: 100M
 Heap Initial Capacity: 100M
 Heap Max Capacity: 512M
 Pre-touch: Disabled
 Parallel Workers: 1
Heap:
 PSYoungGen      total 45568K, used 26674K [0x00000000f5580000, 0x00000000fb200000, 0x0000000100000000)
  eden space 17920K, 100% used [0x00000000f5580000,0x00000000f6700000,0x00000000f6700000)
  from space 27648K, 31% used [0x00000000f6700000,0x00000000f6f8c8e8,0x00000000f8200000)
  to   space 37888K, 0% used [0x00000000f8d00000,0x00000000f8d00000,0x00000000fb200000)
 ParOldGen       total 349696K, used 349696K [0x00000000e0000000, 0x00000000f5580000, 0x00000000f5580000)
  object space 349696K, 100% used [0x00000000e0000000,0x00000000f5580000,0x00000000f5580000)
 Metaspace       used 60408K, committed 61312K, reserved 1105920K
  class space    used 6032K, committed 6464K, reserved 1048576K
GC Heap History (20 events):
Event: 161.824 GC heap before
{Heap before GC invocations=221 (full 101):
 PSYoungGen      total 45568K, used 26674K [0x00000000f5580000, 0x00000000fb200000, 0x0000000100000000)
  eden space 17920K, 100% used [0x00000000f5580000,0x00000000f6700000,0x00000000f6700000)
  from space 27648K, 31% used [0x00000000f6700000,0x00000000f6f8c8e8,0x00000000f8200000)
  to   space 37888K, 0% used [0x00000000f8d00000,0x00000000f8d00000,0x00000000fb200000)
 ParOldGen       total 349696K, used 349696K [0x00000000e0000000, 0x00000000f5580000, 0x00000000f5580000)
  object space 349696K, 100% used [0x00000000e0000000,0x00000000f5580000,0x00000000f5580000)
 Metaspace       used 60408K, committed 61312K, reserved 1105920K
  class space    used 6032K, committed 6464K, reserved 1048576K
}
Event: 162.793 GC heap after
{Heap after GC invocations=221 (full 101):
 PSYoungGen      total 45568K, used 26674K [0x00000000f5580000, 0x00000000fb200000, 0x0000000100000000)
  eden space 17920K, 100% used [0x00000000f5580000,0x00000000f6700000,0x00000000f6700000)
  from space 27648K, 31% used [0x00000000f6700000,0x00000000f6f8c8e8,0x00000000f8200000)
  to   space 37888K, 0% used [0x00000000f8d00000,0x00000000f8d00000,0x00000000fb200000)
 ParOldGen       total 349696K, used 349695K [0x00000000e0000000, 0x00000000f5580000, 0x00000000f5580000)
  object space 349696K, 99% used [0x00000000e0000000,0x00000000f557ffe8,0x00000000f5580000)
 Metaspace       used 60408K, committed 61312K, reserved 1105920K
  class space    used 6032K, committed 6464K, reserved 1048576K
}
Event: 162.794 GC heap before
{Heap before GC invocations=222 (full 102):
 PSYoungGen      total 45568K, used 26674K [0x00000000f5580000, 0x00000000fb200000, 0x0000000100000000)
  eden space 17920K, 100% used [0x00000000f5580000,0x00000000f6700000,0x00000000f6700000)
  from space 27648K, 31% used [0x00000000f6700000,0x00000000f6f8c8e8,0x00000000f8200000)
  to   space 37888K, 0% used [0x00000000f8d00000,0x00000000f8d00000,0x00000000fb200000)
 ParOldGen       total 349696K, used 349696K [0x00000000e0000000, 0x00000000f5580000, 0x00000000f5580000)
  object space 349696K, 100% used [0x00000000e0000000,0x00000000f5580000,0x00000000f5580000)
 Metaspace       used 60408K, committed 61312K, reserved 1105920K
  class space    used 6032K, committed 6464K, reserved 1048576K
}
Event: 163.701 GC heap after
{Heap after GC invocations=222 (full 102):
 PSYoungGen      total 45568K, used 26674K [0x00000000f5580000, 0x00000000fb200000, 0x0000000100000000)
  eden space 17920K, 100% used [0x00000000f5580000,0x00000000f6700000,0x00000000f6700000)
  from space 27648K, 31% used [0x00000000f6700000,0x00000000f6f8c8e8,0x00000000f8200000)
  to   space 37888K, 0% used [0x00000000f8d00000,0x00000000f8d00000,0x00000000fb200000)
 ParOldGen       total 349696K, used 349696K [0x00000000e0000000, 0x00000000f5580000, 0x00000000f5580000)
  object space 349696K, 100% used [0x00000000e0000000,0x00000000f5580000,0x00000000f5580000)
 Metaspace       used 60408K, committed 61312K, reserved 1105920K
  class space    used 6032K, committed 6464K, reserved 1048576K
}
Event: 163.701 GC heap before
{Heap before GC invocations=223 (full 103):
 PSYoungGen      total 45568K, used 26674K [0x00000000f5580000, 0x00000000fb200000, 0x0000000100000000)
  eden space 17920K, 100% used [0x00000000f5580000,0x00000000f6700000,0x00000000f6700000)
  from space 27648K, 31% used [0x00000000f6700000,0x00000000f6f8c8e8,0x00000000f8200000)
  to   space 37888K, 0% used [0x00000000f8d00000,0x00000000f8d00000,0x00000000fb200000)
 ParOldGen       total 349696K, used 349696K [0x00000000e0000000, 0x00000000f5580000, 0x00000000f5580000)
  object space 349696K, 100% used [0x00000000e0000000,0x00000000f5580000,0x00000000f5580000)
 Metaspace       used 60408K, committed 61312K, reserved 1105920K
  class space    used 6032K, committed 6464K, reserved 1048576K
}
Event: 164.621 GC heap after
{Heap after GC invocations=223 (full 103):
 PSYoungGen      total 45568K, used 26674K [0x00000000f5580000, 0x00000000fb200000, 0x0000000100000000)
  eden space 17920K, 100% used [0x00000000f5580000,0x00000000f6700000,0x00000000f6700000)
  from space 27648K, 31% used [0x00000000f6700000,0x00000000f6f8c8e8,0x00000000f8200000)
  to   space 37888K, 0% used [0x00000000f8d00000,0x00000000f8d00000,0x00000000fb200000)
 ParOldGen       total 349696K, used 349696K [0x00000000e0000000, 0x00000000f5580000, 0x00000000f5580000)
  object space 349696K, 100% used [0x00000000e0000000,0x00000000f5580000,0x00000000f5580000)
 Metaspace       used 60408K, committed 61312K, reserved 1105920K
  class space    used 6032K, committed 6464K, reserved 1048576K
}
Event: 164.621 GC heap before
{Heap before GC invocations=224 (full 104):
 PSYoungGen      total 45568K, used 26674K [0x00000000f5580000, 0x00000000fb200000, 0x0000000100000000)
  eden space 17920K, 100% used [0x00000000f5580000,0x00000000f6700000,0x00000000f6700000)
  from space 27648K, 31% used [0x00000000f6700000,0x00000000f6f8c8e8,0x00000000f8200000)
  to   space 37888K, 0% used [0x00000000f8d00000,0x00000000f8d00000,0x00000000fb200000)
 ParOldGen       total 349696K, used 349696K [0x00000000e0000000, 0x00000000f5580000, 0x00000000f5580000)
  object space 349696K, 100% used [0x00000000e0000000,0x00000000f5580000,0x00000000f5580000)
 Metaspace       used 60408K, committed 61312K, reserved 1105920K
  class space    used 6032K, committed 6464K, reserved 1048576K
}
Event: 165.527 GC heap after
{Heap after GC invocations=224 (full 104):
 PSYoungGen      total 45568K, used 26674K [0x00000000f5580000, 0x00000000fb200000, 0x0000000100000000)
  eden space 17920K, 100% used [0x00000000f5580000,0x00000000f6700000,0x00000000f6700000)
  from space 27648K, 31% used [0x00000000f6700000,0x00000000f6f8c8e8,0x00000000f8200000)
  to   space 37888K, 0% used [0x00000000f8d00000,0x00000000f8d00000,0x00000000fb200000)
 ParOldGen       total 349696K, used 349696K [0x00000000e0000000, 0x00000000f5580000, 0x00000000f5580000)
  object space 349696K, 100% used [0x00000000e0000000,0x00000000f5580000,0x00000000f5580000)
 Metaspace       used 60408K, committed 61312K, reserved 1105920K
  class space    used 6032K, committed 6464K, reserved 1048576K
}
Event: 165.527 GC heap before
{Heap before GC invocations=225 (full 105):
 PSYoungGen      total 45568K, used 26674K [0x00000000f5580000, 0x00000000fb200000, 0x0000000100000000)
  eden space 17920K, 100% used [0x00000000f5580000,0x00000000f6700000,0x00000000f6700000)
  from space 27648K, 31% used [0x00000000f6700000,0x00000000f6f8c8e8,0x00000000f8200000)
  to   space 37888K, 0% used [0x00000000f8d00000,0x00000000f8d00000,0x00000000fb200000)
 ParOldGen       total 349696K, used 349696K [0x00000000e0000000, 0x00000000f5580000, 0x00000000f5580000)
  object space 349696K, 100% used [0x00000000e0000000,0x00000000f5580000,0x00000000f5580000)
 Metaspace       used 60408K, committed 61312K, reserved 1105920K
  class space    used 6032K, committed 6464K, reserved 1048576K
}
Event: 166.548 GC heap after
{Heap after GC invocations=225 (full 105):
 PSYoungGen      total 45568K, used 26674K [0x00000000f5580000, 0x00000000fb200000, 0x0000000100000000)
  eden space 17920K, 100% used [0x00000000f5580000,0x00000000f6700000,0x00000000f6700000)
  from space 27648K, 31% used [0x00000000f6700000,0x00000000f6f8c8e8,0x00000000f8200000)
  to   space 37888K, 0% used [0x00000000f8d00000,0x00000000f8d00000,0x00000000fb200000)
 ParOldGen       total 349696K, used 349696K [0x00000000e0000000, 0x00000000f5580000, 0x00000000f5580000)
  object space 349696K, 100% used [0x00000000e0000000,0x00000000f5580000,0x00000000f5580000)
 Metaspace       used 60408K, committed 61312K, reserved 1105920K
  class space    used 6032K, committed 6464K, reserved 1048576K
}
Event: 166.549 GC heap before
{Heap before GC invocations=226 (full 106):
 PSYoungGen      total 45568K, used 26674K [0x00000000f5580000, 0x00000000fb200000, 0x0000000100000000)
  eden space 17920K, 100% used [0x00000000f5580000,0x00000000f6700000,0x00000000f6700000)
  from space 27648K, 31% used [0x00000000f6700000,0x00000000f6f8c8e8,0x00000000f8200000)
  to   space 37888K, 0% used [0x00000000f8d00000,0x00000000f8d00000,0x00000000fb200000)
 ParOldGen       total 349696K, used 349696K [0x00000000e0000000, 0x00000000f5580000, 0x00000000f5580000)
  object space 349696K, 100% used [0x00000000e0000000,0x00000000f5580000,0x00000000f5580000)
 Metaspace       used 60408K, committed 61312K, reserved 1105920K
  class space    used 6032K, committed 6464K, reserved 1048576K
}
Event: 167.622 GC heap after
{Heap after GC invocations=226 (full 106):
 PSYoungGen      total 45568K, used 26674K [0x00000000f5580000, 0x00000000fb200000, 0x0000000100000000)
  eden space 17920K, 100% used [0x00000000f5580000,0x00000000f6700000,0x00000000f6700000)
  from space 27648K, 31% used [0x00000000f6700000,0x00000000f6f8c8e8,0x00000000f8200000)
  to   space 37888K, 0% used [0x00000000f8d00000,0x00000000f8d00000,0x00000000fb200000)
 ParOldGen       total 349696K, used 349695K [0x00000000e0000000, 0x00000000f5580000, 0x00000000f5580000)
  object space 349696K, 99% used [0x00000000e0000000,0x00000000f557ff78,0x00000000f5580000)
 Metaspace       used 60408K, committed 61312K, reserved 1105920K
  class space    used 6032K, committed 6464K, reserved 1048576K
}
Event: 167.622 GC heap before
{Heap before GC invocations=227 (full 107):
 PSYoungGen      total 45568K, used 26674K [0x00000000f5580000, 0x00000000fb200000, 0x0000000100000000)
  eden space 17920K, 100% used [0x00000000f5580000,0x00000000f6700000,0x00000000f6700000)
  from space 27648K, 31% used [0x00000000f6700000,0x00000000f6f8c8e8,0x00000000f8200000)
  to   space 37888K, 0% used [0x00000000f8d00000,0x00000000f8d00000,0x00000000fb200000)
 ParOldGen       total 349696K, used 349695K [0x00000000e0000000, 0x00000000f5580000, 0x00000000f5580000)
  object space 349696K, 99% used [0x00000000e0000000,0x00000000f557fff8,0x00000000f5580000)
 Metaspace       used 60408K, committed 61312K, reserved 1105920K
  class space    used 6032K, committed 6464K, reserved 1048576K
}
Event: 168.610 GC heap after
{Heap after GC invocations=227 (full 107):
 PSYoungGen      total 45568K, used 26674K [0x00000000f5580000, 0x00000000fb200000, 0x0000000100000000)
  eden space 17920K, 100% used [0x00000000f5580000,0x00000000f6700000,0x00000000f6700000)
  from space 27648K, 31% used [0x00000000f6700000,0x00000000f6f8c8e8,0x00000000f8200000)
  to   space 37888K, 0% used [0x00000000f8d00000,0x00000000f8d00000,0x00000000fb200000)
 ParOldGen       total 349696K, used 349695K [0x00000000e0000000, 0x00000000f5580000, 0x00000000f5580000)
  object space 349696K, 99% used [0x00000000e0000000,0x00000000f557ffb8,0x00000000f5580000)
 Metaspace       used 60408K, committed 61312K, reserved 1105920K
  class space    used 6032K, committed 6464K, reserved 1048576K
}
Event: 168.610 GC heap before
{Heap before GC invocations=228 (full 108):
 PSYoungGen      total 45568K, used 26674K [0x00000000f5580000, 0x00000000fb200000, 0x0000000100000000)
  eden space 17920K, 100% used [0x00000000f5580000,0x00000000f6700000,0x00000000f6700000)
  from space 27648K, 31% used [0x00000000f6700000,0x00000000f6f8c8e8,0x00000000f8200000)
  to   space 37888K, 0% used [0x00000000f8d00000,0x00000000f8d00000,0x00000000fb200000)
 ParOldGen       total 349696K, used 349696K [0x00000000e0000000, 0x00000000f5580000, 0x00000000f5580000)
  object space 349696K, 100% used [0x00000000e0000000,0x00000000f5580000,0x00000000f5580000)
 Metaspace       used 60408K, committed 61312K, reserved 1105920K
  class space    used 6032K, committed 6464K, reserved 1048576K
}
Event: 169.530 GC heap after
{Heap after GC invocations=228 (full 108):
 PSYoungGen      total 45568K, used 26674K [0x00000000f5580000, 0x00000000fb200000, 0x0000000100000000)
  eden space 17920K, 100% used [0x00000000f5580000,0x00000000f6700000,0x00000000f6700000)
  from space 27648K, 31% used [0x00000000f6700000,0x00000000f6f8c8e8,0x00000000f8200000)
  to   space 37888K, 0% used [0x00000000f8d00000,0x00000000f8d00000,0x00000000fb200000)
 ParOldGen       total 349696K, used 349695K [0x00000000e0000000, 0x00000000f5580000, 0x00000000f5580000)
  object space 349696K, 99% used [0x00000000e0000000,0x00000000f557ffd0,0x00000000f5580000)
 Metaspace       used 60408K, committed 61312K, reserved 1105920K
  class space    used 6032K, committed 6464K, reserved 1048576K
}
Event: 169.530 GC heap before
{Heap before GC invocations=229 (full 109):
 PSYoungGen      total 45568K, used 26674K [0x00000000f5580000, 0x00000000fb200000, 0x0000000100000000)
  eden space 17920K, 100% used [0x00000000f5580000,0x00000000f6700000,0x00000000f6700000)
  from space 27648K, 31% used [0x00000000f6700000,0x00000000f6f8c8e8,0x00000000f8200000)
  to   space 37888K, 0% used [0x00000000f8d00000,0x00000000f8d00000,0x00000000fb200000)
 ParOldGen       total 349696K, used 349696K [0x00000000e0000000, 0x00000000f5580000, 0x00000000f5580000)
  object space 349696K, 100% used [0x00000000e0000000,0x00000000f5580000,0x00000000f5580000)
 Metaspace       used 60408K, committed 61312K, reserved 1105920K
  class space    used 6032K, committed 6464K, reserved 1048576K
}
Event: 170.517 GC heap after
{Heap after GC invocations=229 (full 109):
 PSYoungGen      total 45568K, used 26674K [0x00000000f5580000, 0x00000000fb200000, 0x0000000100000000)
  eden space 17920K, 100% used [0x00000000f5580000,0x00000000f6700000,0x00000000f6700000)
  from space 27648K, 31% used [0x00000000f6700000,0x00000000f6f8c8e8,0x00000000f8200000)
  to   space 37888K, 0% used [0x00000000f8d00000,0x00000000f8d00000,0x00000000fb200000)
 ParOldGen       total 349696K, used 349696K [0x00000000e0000000, 0x00000000f5580000, 0x00000000f5580000)
  object space 349696K, 100% used [0x00000000e0000000,0x00000000f5580000,0x00000000f5580000)
 Metaspace       used 60408K, committed 61312K, reserved 1105920K
  class space    used 6032K, committed 6464K, reserved 1048576K
}
Event: 170.517 GC heap before
{Heap before GC invocations=230 (full 110):
 PSYoungGen      total 45568K, used 26674K [0x00000000f5580000, 0x00000000fb200000, 0x0000000100000000)
  eden space 17920K, 100% used [0x00000000f5580000,0x00000000f6700000,0x00000000f6700000)
  from space 27648K, 31% used [0x00000000f6700000,0x00000000f6f8c8e8,0x00000000f8200000)
  to   space 37888K, 0% used [0x00000000f8d00000,0x00000000f8d00000,0x00000000fb200000)
 ParOldGen       total 349696K, used 349696K [0x00000000e0000000, 0x00000000f5580000, 0x00000000f5580000)
  object space 349696K, 100% used [0x00000000e0000000,0x00000000f5580000,0x00000000f5580000)
 Metaspace       used 60408K, committed 61312K, reserved 1105920K
  class space    used 6032K, committed 6464K, reserved 1048576K
}
Event: 171.491 GC heap after
{Heap after GC invocations=230 (full 110):
 PSYoungGen      total 45568K, used 26674K [0x00000000f5580000, 0x00000000fb200000, 0x0000000100000000)
  eden space 17920K, 100% used [0x00000000f5580000,0x00000000f6700000,0x00000000f6700000)
  from space 27648K, 31% used [0x00000000f6700000,0x00000000f6f8c8e8,0x00000000f8200000)
  to   space 37888K, 0% used [0x00000000f8d00000,0x00000000f8d00000,0x00000000fb200000)
 ParOldGen       total 349696K, used 349696K [0x00000000e0000000, 0x00000000f5580000, 0x00000000f5580000)
  object space 349696K, 100% used [0x00000000e0000000,0x00000000f5580000,0x00000000f5580000)
 Metaspace       used 60408K, committed 61312K, reserved 1105920K
  class space    used 6032K, committed 6464K, reserved 1048576K
}

